0 info it worked if it ends with ok
1 verbose cli [ '/usr/local/bin/node',
1 verbose cli   '/usr/local/bin/npm',
1 verbose cli   'install',
1 verbose cli   '--save-dev',
1 verbose cli   'gulp-angular-filesort' ]
2 info using npm@3.10.6
3 info using node@v6.3.1
4 silly loadCurrentTree Starting
5 silly install loadCurrentTree
6 silly install readLocalPackageData
7 silly fetchPackageMetaData gulp-angular-filesort
8 silly fetchNamedPackageData gulp-angular-filesort
9 silly mapToRegistry name gulp-angular-filesort
10 silly mapToRegistry using default registry
11 silly mapToRegistry registry https://registry.npmjs.org/
12 silly mapToRegistry data Result {
12 silly mapToRegistry   raw: 'gulp-angular-filesort',
12 silly mapToRegistry   scope: null,
12 silly mapToRegistry   escapedName: 'gulp-angular-filesort',
12 silly mapToRegistry   name: 'gulp-angular-filesort',
12 silly mapToRegistry   rawSpec: '',
12 silly mapToRegistry   spec: 'latest',
12 silly mapToRegistry   type: 'tag' }
13 silly mapToRegistry uri https://registry.npmjs.org/gulp-angular-filesort
14 verbose request uri https://registry.npmjs.org/gulp-angular-filesort
15 verbose request no auth needed
16 info attempt registry request try #1 at 12:01:59 PM
17 verbose request id 20806dbcf4985b3a
18 http request GET https://registry.npmjs.org/gulp-angular-filesort
19 info retry will retry, error on last attempt: Error: unable to verify the first certificate
20 info attempt registry request try #2 at 12:02:09 PM
21 http request GET https://registry.npmjs.org/gulp-angular-filesort
22 info retry will retry, error on last attempt: Error: unable to verify the first certificate
23 info attempt registry request try #3 at 12:03:09 PM
24 http request GET https://registry.npmjs.org/gulp-angular-filesort
25 silly fetchPackageMetaData Error: unable to verify the first certificate
25 silly fetchPackageMetaData     at Error (native)
25 silly fetchPackageMetaData     at TLSSocket.<anonymous> (_tls_wrap.js:1060:38)
25 silly fetchPackageMetaData     at emitNone (events.js:86:13)
25 silly fetchPackageMetaData     at TLSSocket.emit (events.js:185:7)
25 silly fetchPackageMetaData     at TLSSocket._finishInit (_tls_wrap.js:584:8)
25 silly fetchPackageMetaData     at TLSWrap.ssl.onhandshakedone (_tls_wrap.js:416:38)
25 silly fetchPackageMetaData  error for gulp-angular-filesort { Error: unable to verify the first certificate
25 silly fetchPackageMetaData     at Error (native)
25 silly fetchPackageMetaData     at TLSSocket.<anonymous> (_tls_wrap.js:1060:38)
25 silly fetchPackageMetaData     at emitNone (events.js:86:13)
25 silly fetchPackageMetaData     at TLSSocket.emit (events.js:185:7)
25 silly fetchPackageMetaData     at TLSSocket._finishInit (_tls_wrap.js:584:8)
25 silly fetchPackageMetaData     at TLSWrap.ssl.onhandshakedone (_tls_wrap.js:416:38) code: 'UNABLE_TO_VERIFY_LEAF_SIGNATURE' }
26 silly rollbackFailedOptional Starting
27 silly rollbackFailedOptional Finishing
28 silly runTopLevelLifecycles Starting
29 silly runTopLevelLifecycles Finishing
30 silly install printInstalled
31 verbose stack Error: unable to verify the first certificate
31 verbose stack     at Error (native)
31 verbose stack     at TLSSocket.<anonymous> (_tls_wrap.js:1060:38)
31 verbose stack     at emitNone (events.js:86:13)
31 verbose stack     at TLSSocket.emit (events.js:185:7)
31 verbose stack     at TLSSocket._finishInit (_tls_wrap.js:584:8)
31 verbose stack     at TLSWrap.ssl.onhandshakedone (_tls_wrap.js:416:38)
32 verbose cwd /private/var/root/Desktop/code/projects_in_Development/bootstrap&angularjs/angPrac
33 error Darwin 16.0.0
34 error argv "/usr/local/bin/node" "/usr/local/bin/npm" "install" "--save-dev" "gulp-angular-filesort"
35 error node v6.3.1
36 error npm  v3.10.6
37 error code UNABLE_TO_VERIFY_LEAF_SIGNATURE
38 error unable to verify the first certificate
39 error If you need help, you may report this error at:
39 error     <https://github.com/npm/npm/issues>
40 verbose exit [ 1, true ]
